DESKTOP-LM3GTRG.localdomain
*** Reading local file: /root/airflow/logs/dag_id=weather_data_extract/run_id=scheduled__2022-10-31T05:00:00+00:00/task_id=extract_data/attempt=3.log
[2022-10-31T00:27:11.946-0600] {taskinstance.py:1165} INFO - Dependencies all met for <TaskInstance: weather_data_extract.extract_data scheduled__2022-10-31T05:00:00+00:00 [queued]>
[2022-10-31T00:27:12.011-0600] {taskinstance.py:1165} INFO - Dependencies all met for <TaskInstance: weather_data_extract.extract_data scheduled__2022-10-31T05:00:00+00:00 [queued]>
[2022-10-31T00:27:12.017-0600] {taskinstance.py:1362} INFO - 
--------------------------------------------------------------------------------
[2022-10-31T00:27:12.018-0600] {taskinstance.py:1363} INFO - Starting attempt 3 of 3
[2022-10-31T00:27:12.019-0600] {taskinstance.py:1364} INFO - 
--------------------------------------------------------------------------------
[2022-10-31T00:27:12.477-0600] {taskinstance.py:1383} INFO - Executing <Task(BashOperator): extract_data> on 2022-10-31 05:00:00+00:00
[2022-10-31T00:27:12.482-0600] {standard_task_runner.py:55} INFO - Started process 4474 to run task
[2022-10-31T00:27:12.492-0600] {standard_task_runner.py:82} INFO - Running: ['airflow', 'tasks', 'run', 'weather_data_extract', 'extract_data', 'scheduled__2022-10-31T05:00:00+00:00', '--job-id', '5', '--raw', '--subdir', 'DAGS_FOLDER/dag1.py', '--cfg-path', '/tmp/tmp9adff2t6']
[2022-10-31T00:27:12.496-0600] {standard_task_runner.py:83} INFO - Job 5: Subtask extract_data
[2022-10-31T00:27:13.209-0600] {task_command.py:376} INFO - Running <TaskInstance: weather_data_extract.extract_data scheduled__2022-10-31T05:00:00+00:00 [running]> on host DESKTOP-LM3GTRG.localdomain
[2022-10-31T00:27:13.965-0600] {taskinstance.py:1590} INFO - Exporting the following env vars:
AIRFLOW_CTX_DAG_OWNER=airflow
AIRFLOW_CTX_DAG_ID=weather_data_extract
AIRFLOW_CTX_TASK_ID=extract_data
AIRFLOW_CTX_EXECUTION_DATE=2022-10-31T05:00:00+00:00
AIRFLOW_CTX_TRY_NUMBER=3
AIRFLOW_CTX_DAG_RUN_ID=scheduled__2022-10-31T05:00:00+00:00
[2022-10-31T00:27:13.968-0600] {subprocess.py:63} INFO - Tmp dir root location: 
 /tmp
[2022-10-31T00:27:13.970-0600] {subprocess.py:75} INFO - Running command: ['/usr/bin/bash', '-c', 'python3 /root/project/get_data.py /root/project/']
[2022-10-31T00:27:13.984-0600] {subprocess.py:86} INFO - Output:
[2022-10-31T00:27:18.028-0600] {subprocess.py:97} INFO - Command exited with return code 0
[2022-10-31T00:27:18.741-0600] {taskinstance.py:1401} INFO - Marking task as SUCCESS. dag_id=weather_data_extract, task_id=extract_data, execution_date=20221031T050000, start_date=20221031T062711, end_date=20221031T062718
[2022-10-31T00:27:19.049-0600] {local_task_job.py:164} INFO - Task exited with return code 0
[2022-10-31T00:27:19.319-0600] {local_task_job.py:273} INFO - 1 downstream tasks scheduled from follow-on schedule check

